time p temp
0 1 20
1 1 20.001837
2 1 20.005512
3 1 20.011024
4 1 20.018373
5 1 20.02756
6 1 20.038582
7 1 20.051441
8 1 20.066137
9 1 20.082668
10 1 20.101036
11 1 20.121239
12 1 20.143276
13 1 20.16715
14 1 20.19286
15 1 20.220404
16 1 20.249783
17 1 20.280996
18 1 20.314043
19 1 20.348925
20 1 20.385641
21 1 20.42419
22 1 20.464573
23 1 20.50679
24 1 20.55084
25 1 20.596724
26 1 20.64444
27 1 20.693989
28 1 20.745369
29 1 20.798582
30 1 20.853628
31 1 20.910505
32 1 20.969215
33 1 21.029757
34 1 21.092129
35 1 21.156332
36 1 21.222366
37 1 21.290232
38 1 21.359928
39 1 21.431456
40 1 21.504812
41 1 21.58
42 1 21.657017
43 1 21.735863
44 1 21.81654
45 1 21.899046
46 1 21.981543
47 1 22.064032
48 1 22.146511
49 1 22.228983
50 1 22.311447
51 1 22.393902
52 1 22.476349
53 1 22.558788
54 1 22.641218
55 1 22.72364
56 1 22.806053
57 1 22.888458
58 1 22.970856
59 1 23.053244
60 1 23.135624
61 1 23.217995
62 1 23.300358
63 1 23.382713
64 1 23.46506
65 1 23.547398
66 1 23.629728
67 1 23.71205
68 1 23.794363
69 1 23.876667
70 1 23.958963
71 1 24.041252
72 1 24.123531
73 1 24.205803
74 1 24.288065
75 1 24.37032
76 1 24.452566
77 1 24.534803
78 1 24.617033
79 1 24.699255
80 1 24.781467
81 1 24.863672
82 1 24.945868
83 1 25.028055
84 1 25.110235
85 1 25.192406
86 1 25.274569
87 1 25.356724
88 1 25.43887
89 1 25.521008
90 1 25.603136
91 1 25.685257
92 1 25.76737
93 1 25.849474
94 1 25.93157
95 1 26.013659
96 1 26.095737
97 1 26.177809
98 1 26.25987
99 1 26.341925
100 1 26.423971
101 1 26.506008
102 1 26.588037
103 1 26.67006
104 1 26.752071
105 1 26.834076
106 1 26.916073
107 1 26.99806
108 1 27.08004
109 1 27.16201
110 1 27.243973
111 1 27.325928
112 1 27.407873
113 1 27.48981
114 1 27.571741
115 1 27.653662
116 1 27.735575
117 1 27.81748
118 1 27.899376
119 1 27.981264
120 1 28.063143
121 1 28.145014
122 1 28.226877
123 1 28.308731
124 1 28.390577
125 1 28.472416
126 1 28.554245
127 1 28.636066
128 1 28.71788
129 1 28.799685
130 1 28.881481
131 1 28.96327
132 1 29.04505
133 1 29.126822
134 1 29.208584
135 1 29.290339
136 1 29.372086
137 1 29.453823
138 1 29.535553
139 1 29.617275
140 1 29.698988
141 1 29.780693
142 1 29.86239
143 1 29.944078
144 1 30.025759
145 1 30.107431
146 1 30.189095
147 1 30.27075
148 1 30.352398
149 1 30.434036
150 1 30.515667
151 1 30.59729
152 1 30.678904
153 1 30.76051
154 1 30.842106
155 1 30.923695
156 1 31.005276
157 1 31.086847
158 1 31.168411
159 1 31.249968
160 1 31.331514
161 1 31.413054
162 1 31.494585
163 1 31.576107
164 1 31.657621
165 1 31.739128
166 1 31.820625
167 1 31.902115
168 1 31.983597
169 1 32.06507
170 1 32.146538
171 1 32.227993
172 1 32.30944
173 1 32.39088
174 1 32.472313
175 1 32.553738
176 1 32.635155
177 1 32.71656
178 1 32.79796
179 1 32.87935
180 1 32.96073
181 1 33.042107
182 1 33.123474
183 1 33.20483
184 1 33.28618
185 1 33.36752
186 1 33.448853
187 1 33.530178
188 1 33.611496
189 1 33.692802
190 1 33.7741
191 1 33.855392
192 1 33.936676
193 1 34.017952
194 1 34.09922
195 1 34.180477
196 1 34.261726
197 1 34.342968
198 1 34.424202
199 1 34.50543
200 1 34.586647
201 1 34.667854
202 1 34.749054
203 1 34.830246
204 1 34.91143
205 1 34.992607
206 1 35.073776
207 1 35.154934
208 1 35.236084
209 1 35.317226
210 1 35.39836
211 1 35.47949
212 1 35.560608
213 1 35.641716
214 1 35.722816
215 1 35.80391
216 1 35.884995
217 1 35.966072
218 1 36.047142
219 1 36.128204
220 1 36.209255
221 1 36.2903
222 1 36.371334
223 1 36.452362
224 1 36.533382
225 1 36.614395
226 1 36.695396
227 1 36.77639
228 1 36.857376
229 1 36.938354
230 1 37.019325
231 1 37.10029
232 1 37.18124
233 1 37.262184
234 1 37.34312
235 1 37.42405
236 1 37.50497
237 1 37.585884
238 1 37.66679
239 1 37.747684
240 1 37.82857
241 1 37.90945
242 1 37.990322
243 1 38.071186
244 1 38.152042
245 1 38.232887
246 1 38.313725
247 1 38.394554
248 1 38.475376
249 1 38.55619
250 1 38.636997
251 1 38.717796
252 1 38.798584
253 1 38.879364
254 1 38.960136
255 1 39.0409
256 1 39.12166
257 1 39.202408
258 1 39.28315
259 1 39.36388
260 1 39.444603
261 1 39.52532
262 1 39.606026
263 1 39.686726
264 1 39.767418
265 1 39.8481
266 1 39.928772
267 1 40.009438
268 1 40.090096
269 1 40.170746
270 1 40.25139
271 1 40.332024
272 1 40.412647
273 1 40.493263
274 1 40.57387
275 1 40.654472
276 1 40.735065
277 1 40.81565
278 1 40.89623
279 1 40.976795
280 1 41.057354
281 1 41.137905
282 1 41.21845
283 1 41.298985
284 1 41.379513
285 1 41.460033
286 1 41.540543
287 1 41.621044
288 1 41.701538
289 1 41.782024
290 1 41.862503
291 1 41.942974
292 1 42.023438
293 1 42.10389
294 1 42.184334
295 1 42.26477
296 1 42.3452
297 1 42.42562
298 1 42.506035
299 1 42.58644
300 1 42.666836
301 1 42.747223
302 1 42.827602
303 1 42.907974
304 1 42.98834
305 1 43.068695
306 1 43.149044
307 1 43.22938
308 1 43.30971
309 1 43.390034
310 1 43.47035
311 1 43.550655
312 1 43.630955
313 1 43.711246
314 1 43.791527
315 1 43.8718
316 1 43.952065
317 1 44.032322
318 1 44.11257
319 1 44.192814
320 1 44.27305
321 1 44.353275
322 1 44.43349
323 1 44.5137
324 1 44.5939
325 1 44.67409
326 1 44.754276
327 1 44.834454
328 1 44.914623
329 1 44.99478
330 1 45.074932
331 1 45.155075
332 1 45.23521
333 1 45.31534
334 1 45.39546
335 1 45.47557
336 1 45.555676
337 1 45.63577
338 1 45.715855
339 1 45.795933
340 1 45.876003
341 1 45.956066
342 1 46.03612
343 1 46.11617
344 1 46.196205
345 1 46.276234
346 1 46.356255
347 1 46.436268
348 1 46.516273
349 1 46.59627
350 1 46.67626
351 1 46.756245
352 1 46.836216
353 1 46.91618
354 1 46.996136
355 1 47.076084
356 1 47.156025
357 1 47.23596
358 1 47.315884
359 1 47.3958
360 1 47.475708
361 1 47.555607
362 1 47.635498
363 1 47.71538
364 1 47.795258
365 1 47.875126
366 1 47.954987
367 1 48.03484
368 1 48.11468
369 1 48.194515
370 1 48.27434
371 1 48.35416
372 1 48.43397
373 1 48.513775
374 1 48.59357
375 1 48.67336
376 1 48.753136
377 1 48.832905
378 1 48.912666
379 1 48.99242
380 1 49.072166
381 1 49.151905
382 1 49.231636
383 1 49.31136
384 1 49.39107
385 1 49.470776
386 1 49.550472
387 1 49.63016
388 1 49.709843
389 1 49.789516
390 1 49.869183
391 1 49.94884
392 1 50.02849
393 1 50.108128
394 1 50.18776
395 1 50.267384
396 1 50.347
397 1 50.42661
398 1 50.50621
399 1 50.585804
400 1 50.665386
401 1 50.74496
402 1 50.824528
403 1 50.904087
404 1 50.98364
405 1 51.063183
406 1 51.14272
407 1 51.222248
408 1 51.30177
409 1 51.38128
410 1 51.46078
411 1 51.540276
412 1 51.619762
413 1 51.69924
414 1 51.778713
415 1 51.858177
416 1 51.937634
417 1 52.01708
418 1 52.096516
419 1 52.175945
420 1 52.255367
421 1 52.33478
422 1 52.41419
423 1 52.493587
424 1 52.57298
425 1 52.652363
426 1 52.731735
427 1 52.8111
428 1 52.890457
429 1 52.969807
430 1 53.04915
431 1 53.128483
432 1 53.20781
433 1 53.28713
434 1 53.36644
435 1 53.44574
436 1 53.525032
437 1 53.604317
438 1 53.683594
439 1 53.762863
440 1 53.842125
441 1 53.92138
442 1 54.000626
443 1 54.079865
444 1 54.159092
445 1 54.23831
446 1 54.317524
447 1 54.39673
448 1 54.475925
449 1 54.555115
450 1 54.634296
451 1 54.71347
452 1 54.792637
453 1 54.87179
454 1 54.95094
455 1 55.03008
456 1 55.10921
457 1 55.188335
458 1 55.267452
459 1 55.34656
460 1 55.425663
461 1 55.504757
462 1 55.583843
463 1 55.662918
464 1 55.741985
465 1 55.821045
466 1 55.900097
467 1 55.97914
468 1 56.058178
469 1 56.137207
470 1 56.21623
471 1 56.295242
472 1 56.374245
473 1 56.45324
474 1 56.532227
475 1 56.611206
476 1 56.690178
477 1 56.769142
478 1 56.8481
479 1 56.927048
480 1 57.00599
481 1 57.084923
482 1 57.163845
483 1 57.24276
484 1 57.321667
485 1 57.400566
486 1 57.479458
487 1 57.558342
488 1 57.63722
489 1 57.716087
490 1 57.79495
491 1 57.873802
492 1 57.952644
493 1 58.03148
494 1 58.110306
495 1 58.189125
496 1 58.267937
497 1 58.34674
498 1 58.425537
499 1 58.504326
500 1 58.583107
501 1 58.66188
502 1 58.740643
503 1 58.819397
504 1 58.898144
505 1 58.976883
506 1 59.055614
507 1 59.13434
508 1 59.213055
509 1 59.291763
510 1 59.370464
511 1 59.449158
512 1 59.527843
513 1 59.606518
514 1 59.685184
515 1 59.763844
516 1 59.842495
517 1 59.92114
518 1 59.999775
519 1 60.078403
520 1 60.157024
521 1 60.235638
522 1 60.314243
523 1 60.392838
524 1 60.471424
525 1 60.550003
526 1 60.628574
527 1 60.707138
528 1 60.785694
529 1 60.864243
530 1 60.942783
531 1 61.021317
532 1 61.099842
533 1 61.17836
534 1 61.256866
535 1 61.335365
536 1 61.413857
537 1 61.49234
538 1 61.570816
539 1 61.649284
540 1 61.727745
541 1 61.8062
542 1 61.884644
543 1 61.96308
544 1 62.04151
545 1 62.119934
546 1 62.198345
547 1 62.27675
548 1 62.355145
549 1 62.433533
550 1 62.511913
551 1 62.590286
552 1 62.66865
553 1 62.74701
554 1 62.82536
555 1 62.9037
556 1 62.982037
557 1 63.06036
558 1 63.138676
559 1 63.216984
560 1 63.295284
561 1 63.373577
562 1 63.451862
563 1 63.53014
564 1 63.60841
565 1 63.686672
566 1 63.764927
567 1 63.843174
568 1 63.921413
569 1 63.99964
570 1 64.077866
571 1 64.15608
572 1 64.23429
573 1 64.31249
574 1 64.390686
575 1 64.468864
576 1 64.547035
577 1 64.6252
578 1 64.703354
579 1 64.7815
580 1 64.85964
581 1 64.937775
582 1 65.0159
583 1 65.09402
584 1 65.17213
585 1 65.25023
586 1 65.32832
587 1 65.40641
588 1 65.48449
589 1 65.56256
590 1 65.640625
591 1 65.71868
592 1 65.79673
593 1 65.87477
594 1 65.952805
595 1 66.03083
596 1 66.10885
597 1 66.18686
598 1 66.26486
599 1 66.34286
600 1 66.420845
601 1 66.49882
602 1 66.57678
603 1 66.65474
604 1 66.73269
605 1 66.81063
606 1 66.888565
607 1 66.96649
608 1 67.04441
609 1 67.12232
610 1 67.200226
611 1 67.27812
612 1 67.35601
613 1 67.43389
614 1 67.511765
615 1 67.58963
616 1 67.66749
617 1 67.74534
618 1 67.82318
619 1 67.90102
620 1 67.97884
621 1 68.05666
622 1 68.134476
623 1 68.21228
624 1 68.29008
625 1 68.36787
626 1 68.44565
627 1 68.52342
628 1 68.60118
629 1 68.67893
630 1 68.756676
631 1 68.83441
632 1 68.91214
633 1 68.98986
634 1 69.06757
635 1 69.14528
636 1 69.22298
637 1 69.30067
638 1 69.37835
639 1 69.456024
640 1 69.53369
641 1 69.61135
642 1 69.689
643 1 69.76665
644 1 69.844284
645 1 69.92191
646 1 69.999535
647 1 70.07715
648 1 70.154755
649 1 70.23235
650 1 70.309944
651 1 70.38753
652 1 70.4651
653 1 70.54267
654 1 70.62023
655 1 70.697784
656 1 70.77533
657 1 70.85287
658 1 70.93039
659 1 71.007904
660 1 71.08541
661 1 71.16291
662 1 71.2404
663 1 71.31789
664 1 71.39536
665 1 71.47283
666 1 71.55029
667 1 71.62775
668 1 71.70519
669 1 71.78263
670 1 71.86006
671 1 71.937485
672 1 72.0149
673 1 72.09231
674 1 72.16971
675 1 72.2471
676 1 72.324486
677 1 72.40186
678 1 72.47923
679 1 72.556595
680 1 72.63395
681 1 72.711296
682 1 72.788635
683 1 72.86597
684 1 72.94329
685 1 73.02061
686 1 73.097916
687 1 73.17522
688 1 73.25251
689 1 73.329796
690 1 73.407074
691 1 73.48434
692 1 73.56159
693 1 73.63884
694 1 73.71608
695 1 73.79331
696 1 73.87054
697 1 73.947754
698 1 74.02496
699 1 74.102165
700 1 74.17936
701 1 74.256546
702 1 74.333725
703 1 74.4109
704 1 74.48806
705 1 74.565216
706 1 74.642365
707 1 74.719505
708 1 74.79664
709 1 74.873764
710 1 74.95088
711 1 75.02799
712 1 75.105095
713 1 75.18219
714 1 75.25928
715 1 75.33636
716 1 75.41343
717 1 75.49049
718 1 75.56755
719 1 75.6446
720 1 75.72164
721 1 75.798676
722 1 75.8757
723 1 75.95272
724 1 76.02973
725 1 76.106735
726 1 76.18373
727 1 76.26072
728 1 76.33769
729 1 76.41466
730 1 76.491615
731 1 76.568565
732 1 76.64551
733 1 76.72244
734 1 76.79937
735 1 76.87629
736 1 76.9532
737 1 77.030106
738 1 77.107
739 1 77.18389
740 1 77.26077
741 1 77.33765
742 1 77.41451
743 1 77.49137
744 1 77.56822
745 1 77.645065
746 1 77.7219
747 1 77.79873
748 1 77.87555
749 1 77.95236
750 1 78.02917
751 1 78.105965
752 1 78.182755
753 1 78.25954
754 1 78.33631
755 1 78.41308
756 1 78.48984
757 1 78.56659
758 1 78.64333
759 1 78.72007
760 1 78.7968
761 1 78.87352
762 1 78.95023
763 1 79.02694
764 1 79.10364
765 1 79.18033
766 1 79.25701
767 1 79.33369
768 1 79.410355
769 1 79.487015
770 1 79.56367
771 1 79.64031
772 1 79.71695
773 1 79.79357
774 1 79.870186
775 1 79.94679
776 1 80.02339
777 1 80.09998
778 1 80.17657
779 1 80.25314
780 1 80.32971
781 1 80.40627
782 1 80.48283
783 1 80.55937
784 1 80.63591
785 1 80.71244
786 1 80.78896
787 1 80.86548
788 1 80.941986
789 1 81.018486
790 1 81.09498
791 1 81.17146
792 1 81.24794
793 1 81.32441
794 1 81.40087
795 1 81.477325
796 1 81.55377
797 1 81.63021
798 1 81.70664
799 1 81.783066
800 1 81.85948
801 1 81.93589
802 1 82.01229
803 1 82.088684
804 1 82.16507
805 1 82.24145
806 1 82.31782
807 1 82.39418
808 1 82.470535
809 1 82.54688
810 1 82.62322
811 1 82.699554
812 1 82.77588
813 1 82.852196
814 1 82.928505
815 1 83.00481
816 1 83.0811
817 1 83.15739
818 1 83.233665
819 1 83.30994
820 1 83.3862
821 1 83.462456
822 1 83.538704
823 1 83.614944
824 1 83.69118
825 1 83.7674
826 1 83.84362
827 1 83.91983
828 1 83.99603
829 1 84.07223
830 1 84.148415
831 1 84.224594
832 1 84.30076
833 1 84.376915
834 1 84.453064
835 1 84.529205
836 1 84.60534
837 1 84.681465
838 1 84.75758
839 1 84.833694
840 1 84.9098
841 1 84.98589
842 1 85.06198
843 1 85.13806
844 1 85.214134
845 1 85.2902
846 1 85.36626
847 1 85.44231
848 1 85.51835
849 1 85.59438
850 1 85.67041
851 1 85.74643
852 1 85.82244
853 1 85.898445
854 1 85.97444
855 1 86.05043
856 1 86.12641
857 1 86.202385
858 1 86.27835
859 1 86.35431
860 1 86.43026
861 1 86.5062
862 1 86.58214
863 1 86.658066
864 1 86.733986
865 1 86.8099
866 1 86.8858
867 1 86.9617
868 1 87.03759
869 1 87.11347
870 1 87.18935
871 1 87.26521
872 1 87.34107
873 1 87.41692
874 1 87.49277
875 1 87.5686
876 1 87.64443
877 1 87.72025
878 1 87.79607
879 1 87.87187
880 1 87.94767
881 1 88.02346
882 1 88.09924
883 1 88.17502
884 1 88.250786
885 1 88.326546
886 1 88.4023
887 1 88.47804
888 1 88.55378
889 1 88.62951
890 1 88.70523
891 1 88.780945
892 1 88.85665
893 1 88.93235
894 1 89.00804
895 1 89.083725
896 1 89.1594
897 1 89.23507
898 1 89.31073
899 1 89.38638
900 1 89.46203
901 1 89.53767
902 1 89.6133
903 1 89.68892
904 1 89.764534
905 1 89.84014
906 1 89.91574
907 1 89.99133
908 1 90.06692
909 1 90.142494
910 1 90.21806
911 1 90.293625
912 1 90.36918
913 1 90.444725
914 1 90.52026
915 1 90.595795
916 1 90.67132
917 1 90.74683
918 1 90.82234
919 1 90.89784
920 1 90.973335
921 1 91.04882
922 1 91.1243
923 1 91.19977
924 1 91.27523
925 1 91.350685
926 1 91.42613
927 1 91.50157
928 1 91.577
929 1 91.65243
930 1 91.727844
931 1 91.80325
932 1 91.878654
933 1 91.95405
934 1 92.029434
935 1 92.10481
936 1 92.18018
937 1 92.25555
938 1 92.3309
939 1 92.40625
940 1 92.48159
941 1 92.55692
942 1 92.63225
943 1 92.707565
944 1 92.782875
945 1 92.85818
946 1 92.93347
947 1 93.00876
948 1 93.08404
949 1 93.15931
950 1 93.23457
951 1 93.30983
952 1 93.38508
953 1 93.46032
954 1 93.53555
955 1 93.61078
956 1 93.686
957 1 93.76121
958 1 93.83641
959 1 93.911606
960 1 93.98679
961 1 94.06197
962 1 94.137146
963 1 94.21231
964 1 94.28747
965 1 94.36262
966 1 94.43776
967 1 94.51289
968 1 94.58802
969 1 94.66314
970 1 94.73825
971 1 94.813354
972 1 94.88845
973 1 94.96354
974 1 95.03862
975 1 95.11369
976 1 95.18876
977 1 95.26382
978 1 95.33887
979 1 95.41391
980 1 95.488945
981 1 95.56397
982 1 95.63899
983 1 95.714005
984 1 95.78901
985 1 95.864006
986 1 95.938995
987 1 96.01398
988 1 96.08895
989 1 96.16392
990 1 96.23888
991 1 96.31383
992 1 96.38877
993 1 96.46371
994 1 96.538635
995 1 96.613556
996 1 96.68847
997 1 96.763374
998 1 96.83827
999 1 96.91316
1000 1 96.988045
1001 1 97.06292
1002 1 97.13779
1003 1 97.21265
1004 1 97.2875
1005 1 97.36234
1006 1 97.43718
1007 1 97.51201
1008 1 97.58683
1009 1 97.661644
1010 1 97.73645
1011 1 97.81125
1012 1 97.88604
1013 1 97.96082
1014 1 98.0356
1015 1 98.11037
1016 1 98.18513
1017 1 98.25988
1018 1 98.334625
1019 1 98.40936
1020 1 98.48409
1021 1 98.558815
1022 1 98.63353
1023 1 98.70824
1024 1 98.782936
1025 1 98.85763
1026 1 98.93231
1027 1 99.00699
1028 1 99.08166
1029 1 99.15632
1030 1 99.23097
1031 1 99.30562
1032 1 99.38026
1033 1 99.45489
1034 1 99.52951
1035 1 99.604126
1036 1 99.678734
1037 1 99.753334
1038 1 99.82793
1039 1 99.90251
1040 1 99.97709
1041 1 100.05166
1041 0 100.12622
1042 0 100.19894
1043 0 100.269806
1044 0 100.33883
1045 0 100.40601
1046 0 100.47135
1047 0 100.53484
1048 0 100.59649
1049 0 100.656296
1050 0 100.71426
1051 0 100.77037
1052 0 100.824646
1053 0 100.877075
1054 0 100.927666
1055 0 100.97641
1056 0 101.023315
1057 0 101.068375
1058 0 101.111595
1059 0 101.15297
1060 0 101.192505
1061 0 101.2302
1062 0 101.26605
1063 0 101.300064
1064 0 101.33224
1065 0 101.362564
1066 0 101.39105
1067 0 101.4177
1068 0 101.44251
1069 0 101.46548
1070 0 101.4866
1071 0 101.50589
1072 0 101.52334
1073 0 101.53895
1074 0 101.55272
1075 0 101.56465
1076 0 101.574745
1077 0 101.583
1078 0 101.58942
1079 0 101.593994
1080 0 101.59673
1081 0 101.59763
1082 0 101.596695
1083 0 101.59392
1084 0 101.58931
1085 0 101.58286
1086 0 101.57458
1087 0 101.56629
1088 0 101.55801
1089 0 101.54972
1090 0 101.54144
1091 0 101.533165
1092 0 101.52489
1093 0 101.51661
1094 0 101.50833
1095 0 101.50005
1096 0 101.491776
1097 0 101.4835
1098 0 101.47522
1099 0 101.46695
1100 0 101.45868
1101 0 101.45041
1102 0 101.44214
1103 0 101.43387
1104 0 101.4256
1105 0 101.41733
1106 0 101.40906
1107 0 101.40079
1108 0 101.392525
1109 0 101.38426
1110 0 101.376
1111 0 101.36774
1112 0 101.359474
1113 0 101.35121
1114 0 101.34295
1115 0 101.33469
1116 0 101.32642
1117 0 101.31817
1118 0 101.30991
1119 0 101.30166
1120 0 101.2934
1121 0 101.28515
1122 0 101.27689
1123 0 101.26864
1124 0 101.26038
1125 0 101.25213
1126 0 101.24388
1127 0 101.235634
1128 0 101.22739
1129 0 101.21914
1130 0 101.21089
1131 0 101.202644
1132 0 101.1944
1133 0 101.18615
1134 0 101.1779
1135 0 101.169655
1136 0 101.161415
1137 0 101.153175
1138 0 101.144936
1139 0 101.136696
1140 0 101.128456
1141 0 101.12022
1142 0 101.11198
1143 0 101.10374
1144 0 101.0955
1145 0 101.087265
1146 0 101.07903
1147 0 101.0708
1148 0 101.06257
1149 0 101.05434
1150 0 101.046104
1151 0 101.03787
1152 0 101.02964
1153 0 101.02141
1154 0 101.01318
1155 0 101.00496
1156 0 100.996735
1157 0 100.98851
1158 0 100.980286
1159 0 100.97206
1160 0 100.96384
1161 0 100.95561
1162 0 100.94739
1163 0 100.93917
1164 0 100.930954
1165 0 100.92274
1166 0 100.91452
1167 0 100.9063
1168 0 100.89809
1169 0 100.88987
1170 0 100.88165
1171 0 100.873436
1172 0 100.86523
1173 0 100.85702
1174 0 100.84881
1175 0 100.8406
1176 0 100.83239
1177 0 100.82418
1178 0 100.81597
1179 0 100.80776
1180 0 100.79955
1181 0 100.79135
1182 0 100.78315
1183 0 100.77495
1184 0 100.76675
1185 0 100.758545
1186 0 100.75034
1187 0 100.74214
1188 0 100.73394
1189 0 100.72574
1190 0 100.717545
1191 0 100.70935
1192 0 100.70116
1193 0 100.69296
1194 0 100.68477
1195 0 100.676575
1196 0 100.66838
1197 0 100.66019
1198 0 100.65199
1199 0 100.6438
1200 0 100.63561
1201 0 100.627426
1202 0 100.61924
1203 0 100.61105
1204 0 100.60287
1205 0 100.59468
1206 0 100.586494
1207 0 100.57831
1208 0 100.57012
1209 0 100.56194
1210 0 100.553764
1211 0 100.545586
1212 0 100.53741
1213 0 100.52923
1214 0 100.52105
1215 0 100.51287
1216 0 100.50469
1217 0 100.49651
1218 0 100.48834
1219 0 100.48017
1220 0 100.472
1221 0 100.46383
1222 0 100.45566
1223 0 100.44749
1224 0 100.439316
1225 0 100.431145
1226 0 100.42297
1227 0 100.41481
1228 0 100.40665
1229 0 100.39848
1230 0 100.39032
1231 0 100.38216
1232 0 100.37399
1233 0 100.36583
1234 0 100.357666
1235 0 100.3495
1236 0 100.34135
1237 0 100.33319
1238 0 100.325035
1239 0 100.31688
1240 0 100.30872
1241 0 100.30057
1242 0 100.29241
1243 0 100.284256
1244 0 100.2761
1245 0 100.267944
1246 0 100.259796
1247 0 100.25165
1248 0 100.2435
1249 0 100.23535
1250 0 100.2272
1251 0 100.219055
1252 0 100.21091
1253 0 100.20276
1254 0 100.19461
1255 0 100.18647
1256 0 100.17833
1257 0 100.17019
1258 0 100.16205
1259 0 100.15391
1260 0 100.14577
1261 0 100.13763
1262 0 100.129486
1263 0 100.121346
1264 0 100.11321
1265 0 100.10508
1266 0 100.09695
1267 0 100.08881
1268 0 100.08068
1269 0 100.07255
1270 0 100.064415
1271 0 100.05628
1272 0 100.04815
1273 0 100.04002
1274 0 100.0319
1275 0 100.02377
1276 0 100.01565
1277 0 100.00752
1278 0 99.9994
1279 0 99.99127
1280 0 99.98315
1281 0 99.97502
1282 0 99.9669
1283 0 99.958786
1284 0 99.95067
1285 0 99.94255
1286 0 99.93443
1287 0 99.926315
1288 0 99.9182
1289 0 99.91008
1290 0 99.90196
1291 0 99.893845
1292 0 99.885735
1293 0 99.877625
1294 0 99.869514
1295 0 99.861404
1296 0 99.853294
1297 0 99.845184
1298 0 99.837074
1299 0 99.828964
1300 0 99.820854
1301 0 99.81275
1302 0 99.80465
1303 0 99.79655
1304 0 99.788445
1305 0 99.78034
1306 0 99.77224
1307 0 99.76414
1308 0 99.756035
1309 0 99.74793
1310 0 99.73984
1311 0 99.73174
1312 0 99.72365
1313 0 99.71555
1314 0 99.70746
1315 0 99.69936
1316 0 99.69127
1317 0 99.683174
1318 0 99.67508
1319 0 99.666985
1320 0 99.6589
1321 0 99.65081
1322 0 99.64272
1323 0 99.634636
1324 0 99.62655
1325 0 99.61846
1326 0 99.610374
1327 0 99.60229
1328 0 99.5942
1329 0 99.58612
1330 0 99.57804
1331 0 99.56996
1332 0 99.56188
1333 0 99.5538
1334 0 99.54572
1335 0 99.53764
1336 0 99.529564
1337 0 99.521484
1338 0 99.51341
1339 0 99.50534
1340 0 99.49727
1341 0 99.4892
1342 0 99.481125
1343 0 99.47305
1344 0 99.46498
1345 0 99.45691
1346 0 99.44884
1347 0 99.44077
1348 0 99.43271
1349 0 99.424644
1350 0 99.41658
1351 0 99.408516
1352 0 99.40045
1353 0 99.39239
1354 0 99.38432
1355 0 99.37626
1356 0 99.368195
1357 0 99.36014
1358 0 99.35208
1359 0 99.344025
1360 0 99.33597
1361 0 99.32791
1362 0 99.319855
1363 0 99.3118
1364 0 99.30374
1365 0 99.295685
1366 0 99.287636
1367 0 99.27959
1368 0 99.27154
1369 0 99.26349
1370 0 99.25544
1371 0 99.24739
1372 0 99.23934
1373 0 99.23129
1374 0 99.22324
1375 0 99.2152
1376 0 99.20716
1377 0 99.19912
1378 0 99.19108
1379 0 99.18304
1380 0 99.174995
1381 0 99.166954
1382 0 99.15891
1383 0 99.15087
1384 0 99.14283
1385 0 99.134796
1386 0 99.12676
1387 0 99.11873
1388 0 99.110695
1389 0 99.10266
1390 0 99.09463
1391 0 99.08659
1392 0 99.07856
1393 0 99.070526
1394 0 99.0625
1395 0 99.054474
1396 0 99.04645
1397 0 99.03842
1398 0 99.030396
1399 0 99.02237
1400 0 99.01434
1401 0 99.00632
1402 0 98.99829
1403 0 98.99027
1404 0 98.982254
1405 0 98.974236
1406 0 98.96622
1407 0 98.9582
1408 0 98.95018
1409 0 98.94216
1410 0 98.93414
1411 0 98.926125
1412 0 98.918106
1413 0 98.910095
1414 0 98.902084
1415 0 98.89407
1416 0 98.88606
1417 0 98.87805
1418 0 98.87004
1419 0 98.86203
1420 0 98.85402
1421 0 98.84601
1422 0 98.838005
1423 0 98.83
1424 0 98.822
1425 0 98.813995
1426 0 98.80599
1427 0 98.79799
1428 0 98.789986
1429 0 98.78198
1430 0 98.77398
1431 0 98.765976
1432 0 98.75798
1433 0 98.749985
1434 0 98.74199
1435 0 98.73399
1436 0 98.726
1437 0 98.718
1438 0 98.71001
1439 0 98.70201
1440 0 98.694016
1441 0 98.68603
1442 0 98.67804
1443 0 98.67005
1444 0 98.66206
1445 0 98.654076
1446 0 98.64609
1447 0 98.6381
1448 0 98.63011
1449 0 98.62212
1450 0 98.61414
1451 0 98.60616
1452 0 98.59818
1453 0 98.5902
1454 0 98.58222
1455 0 98.57424
1456 0 98.56626
1457 0 98.55828
1458 0 98.5503
1459 0 98.54232
1460 0 98.53435
1461 0 98.526375
1462 0 98.5184
1463 0 98.51043
1464 0 98.50246
1465 0 98.494484
1466 0 98.48651
1467 0 98.47854
1468 0 98.470566
1469 0 98.4626
1470 0 98.454636
1471 0 98.44667
1472 0 98.438705
1473 0 98.43074
1474 0 98.422775
1475 0 98.41481
1476 0 98.406845
1477 0 98.39888
1478 0 98.390915
1479 0 98.38296
1480 0 98.375
1481 0 98.36704
1482 0 98.359085
1483 0 98.35113
1484 0 98.34317
1485 0 98.33521
1486 0 98.327255
1487 0 98.3193
1488 0 98.31135
1489 0 98.3034
1490 0 98.29545
1491 0 98.2875
1492 0 98.27955
1493 0 98.2716
1494 0 98.26365
1495 0 98.2557
1496 0 98.24775
1497 0 98.2398
1498 0 98.23186
1499 0 98.223915
1500 0 98.21597
1501 0 98.20803
1502 0 98.20009
1503 0 98.19215
1504 0 98.184204
1505 0 98.17626
1506 0 98.16832
1507 0 98.160385
1508 0 98.15245
1509 0 98.144516
1510 0 98.13658
1511 0 98.12865
1512 0 98.12071
1513 0 98.11278
1514 0 98.10484
1515 0 98.09691
1516 0 98.08898
1517 0 98.081055
1518 0 98.07313
1519 0 98.0652
1520 0 98.057274
1521 0 98.04935
1522 0 98.04142
1523 0 98.03349
1524 0 98.025566
1525 0 98.01764
1526 0 98.00972
1527 0 98.0018
1528 0 97.99388
1529 0 97.98596
1530 0 97.97804
1531 0 97.97012
1532 0 97.962204
1533 0 97.954285
1534 0 97.946365
1535 0 97.93845
1536 0 97.93054
1537 0 97.92263
1538 0 97.91472
1539 0 97.90681
1540 0 97.898895
1541 0 97.89098
1542 0 97.88307
1543 0 97.87516
1544 0 97.86725
1545 0 97.859344
1546 0 97.85144
1547 0 97.84354
1548 0 97.83563
1549 0 97.82773
1550 0 97.819824
1551 0 97.81192
1552 0 97.804016
1553 0 97.79611
1554 0 97.788216
1555 0 97.78032
1556 0 97.77242
1557 0 97.76453
1558 0 97.75663
1559 0 97.74873
1560 0 97.74084
1561 0 97.73294
1562 0 97.725044
1563 0 97.71715
1564 0 97.70926
1565 0 97.70137
1566 0 97.69348
1567 0 97.68559
1568 0 97.677704
1569 0 97.669815
1570 0 97.66193
1571 0 97.65404
1572 0 97.64615
1573 0 97.63827
1574 0 97.63039
1575 0 97.622505
1576 0 97.614624
1577 0 97.60674
1578 0 97.59886
1579 0 97.59098
1580 0 97.5831
1581 0 97.57522
1582 0 97.56734
1583 0 97.55946
1584 0 97.55159
1585 0 97.54372
1586 0 97.53584
1587 0 97.52797
1588 0 97.520096
1589 0 97.51222
1590 0 97.50435
1591 0 97.496475
1592 0 97.4886
1593 0 97.480736
1594 0 97.47287
1595 0 97.465004
1596 0 97.45714
1597 0 97.44927
1598 0 97.44141
1599 0 97.43354
1600 0 97.425674
1601 0 97.41781
1602 0 97.40995
1603 0 97.40209
1604 0 97.39423
1605 0 97.386375
1606 0 97.37852
1607 0 97.37066
1608 0 97.3628
1609 0 97.35494
1610 0 97.347084
1611 0 97.339226
1612 0 97.331375
1613 0 97.323524
1614 0 97.315674
1615 0 97.30782
1616 0 97.29997
1617 0 97.29212
1618 0 97.28427
1619 0 97.27642
1620 0 97.26857
1621 0 97.26073
1622 0 97.252884
1623 0 97.24504
1624 0 97.2372
1625 0 97.229355
1626 0 97.22151
1627 0 97.21367
1628 0 97.205826
1629 0 97.19798
1630 0 97.19014
1631 0 97.182304
1632 0 97.17447
1633 0 97.16663
1634 0 97.1588
1635 0 97.15096
1636 0 97.14313
1637 0 97.13529
1638 0 97.12746
1639 0 97.11962
1640 0 97.11179
1641 0 97.103966
1642 0 97.09614
1643 0 97.08831
1644 0 97.08048
1645 0 97.072655
1646 0 97.06483
1647 0 97.057
1648 0 97.04917
1649 0 97.04134
1650 0 97.03352
1651 0 97.0257
1652 0 97.01788
1653 0 97.01006
1654 0 97.00224
1655 0 96.99442
1656 0 96.9866
1657 0 96.97878
1658 0 96.97096
1659 0 96.96314
1660 0 96.95533
1661 0 96.94752
1662 0 96.939705
1663 0 96.93189
1664 0 96.92408
1665 0 96.91627
1666 0 96.908455
1667 0 96.90064
1668 0 96.89283
1669 0 96.885025
1670 0 96.87722
1671 0 96.869415
1672 0 96.86161
1673 0 96.853806
1674 0 96.846
1675 0 96.838196
1676 0 96.83039
1677 0 96.822586
1678 0 96.81478
1679 0 96.806984
1680 0 96.79919
1681 0 96.79139
1682 0 96.78359
1683 0 96.775795
1684 0 96.768
1685 0 96.7602
1686 0 96.7524
1687 0 96.744606
1688 0 96.73682
1689 0 96.72903
1690 0 96.72124
1691 0 96.71345
1692 0 96.70566
1693 0 96.69787
1694 0 96.69008
1695 0 96.68229
1696 0 96.6745
1697 0 96.66671
1698 0 96.65893
1699 0 96.651146
1700 0 96.643364
1701 0 96.63558
1702 0 96.6278
1703 0 96.62002
1704 0 96.612236
1705 0 96.604454
1706 0 96.59667
1707 0 96.58889
1708 0 96.581116
1709 0 96.57334
1710 0 96.56557
1711 0 96.55779
1712 0 96.55002
1713 0 96.542244
1714 0 96.53447
1715 0 96.526695
1716 0 96.51892
1717 0 96.511154
1718 0 96.50339
1719 0 96.49562
1720 0 96.487854
1721 0 96.48009
1722 0 96.47232
1723 0 96.464554
1724 0 96.45679
1725 0 96.44902
1726 0 96.44125
1727 0 96.433495
1728 0 96.425735
1729 0 96.41798
1730 0 96.41022
1731 0 96.40246
1732 0 96.3947
1733 0 96.38694
1734 0 96.37918
1735 0 96.37142
1736 0 96.36366
1737 0 96.35591
1738 0 96.34816
1739 0 96.34041
1740 0 96.33266
1741 0 96.324905
1742 0 96.317154
1743 0 96.3094
1744 0 96.30165
1745 0 96.2939
1746 0 96.286156
1747 0 96.27841
1748 0 96.27067
1749 0 96.262924
1750 0 96.25518
1751 0 96.24744
1752 0 96.23969
1753 0 96.23195
1754 0 96.224205
1755 0 96.21646
1756 0 96.208725
1757 0 96.20099
1758 0 96.19325
1759 0 96.18552
1760 0 96.17778
1761 0 96.170044
1762 0 96.16231
1763 0 96.15457
1764 0 96.146835
1765 0 96.1391
1766 0 96.13137
1767 0 96.12364
1768 0 96.11591
1769 0 96.108185
1770 0 96.10046
1771 0 96.09273
1772 0 96.085
1773 0 96.07727
1774 0 96.06954
1775 0 96.06181
1776 0 96.05409
1777 0 96.04637
1778 0 96.03865
1779 0 96.03093
1780 0 96.02321
1781 0 96.01549
1782 0 96.00777
1783 0 96.000046
1784 0 95.992325
1785 0 95.98461
1786 0 95.9769
1787 0 95.969185
1788 0 95.96147
1789 0 95.95376
1790 0 95.946045
1791 0 95.93833
1792 0 95.93062
1793 0 95.922905
1794 0 95.91519
1795 0 95.907486
1796 0 95.89978
1797 0 95.892075
1798 0 95.88437
1799 0 95.87666
1800 0 95.86896
1801 0 95.86125
1802 0 95.853546
1803 0 95.84584
1804 0 95.838135
1805 0 95.83044
1806 0 95.82274
1807 0 95.81504
1808 0 95.80734
1809 0 95.799644
1810 0 95.79195
1811 0 95.78425
1812 0 95.77655
1813 0 95.76885
1814 0 95.761154
1815 0 95.75346
1816 0 95.74577
1817 0 95.73808
1818 0 95.73039
1819 0 95.7227
1820 0 95.71501
1821 0 95.70732
1822 0 95.69963
1823 0 95.69194
1824 0 95.68426
1825 0 95.676575
1826 0 95.66889
1827 0 95.66121
1828 0 95.65353
1829 0 95.64584
1830 0 95.63816
1831 0 95.63048
1832 0 95.622795
1833 0 95.61511
1834 0 95.60744
1835 0 95.59976
1836 0 95.59209
1837 0 95.58441
1838 0 95.57674
1839 0 95.56906
1840 0 95.561386
1841 0 95.55371
1842 0 95.546036
1843 0 95.53836
1844 0 95.53069
1845 0 95.523026
1846 0 95.51536
1847 0 95.50769
1848 0 95.50002
1849 0 95.492355
1850 0 95.48469
1851 0 95.47702
1852 0 95.46935
1853 0 95.461685
1854 0 95.454025
1855 0 95.446365
1856 0 95.438705
1857 0 95.431046
1858 0 95.423386
1859 0 95.415726
1860 0 95.408066
1861 0 95.400406
1862 0 95.392746
1863 0 95.385086
1864 0 95.37743
1865 0 95.36978
1866 0 95.36213
1867 0 95.35448
1868 0 95.346825
1869 0 95.33917
1870 0 95.33152
1871 0 95.32387
1872 0 95.316216
1873 0 95.30857
1874 0 95.30093
1875 0 95.29328
1876 0 95.28564
1877 0 95.27799
1878 0 95.27035
1879 0 95.2627
1880 0 95.25506
1881 0 95.24741
1882 0 95.23977
1883 0 95.23213
1884 0 95.224495
1885 0 95.21686
1886 0 95.20922
1887 0 95.201584
1888 0 95.19395
1889 0 95.18631
1890 0 95.17867
1891 0 95.171036
1892 0 95.1634
1893 0 95.15577
1894 0 95.14814
1895 0 95.14051
1896 0 95.13288
1897 0 95.12525
1898 0 95.11762
1899 0 95.10999
1900 0 95.10236
1901 0 95.094734
1902 0 95.087105
1903 0 95.07948
1904 0 95.07186
1905 0 95.06424
1906 0 95.05662
1907 0 95.048996
1908 0 95.041374
1909 0 95.03375
1910 0 95.02613
1911 0 95.01851
1912 0 95.01089
1913 0 95.00327
1914 0 94.99566
1915 0 94.988045
1916 0 94.98043
1917 0 94.97282
1918 0 94.9652
1919 0 94.95759
1920 0 94.949974
1921 0 94.94236
1922 0 94.934746
1923 0 94.92714
1924 0 94.91953
1925 0 94.91193
1926 0 94.90432
1927 0 94.89671
1928 0 94.88911
1929 0 94.8815
1930 0 94.87389
1931 0 94.86629
1932 0 94.85869
1933 0 94.85109
1934 0 94.84349
1935 0 94.83589
1936 0 94.82829
1937 0 94.820694
1938 0 94.813095
1939 0 94.8055
1940 0 94.7979
1941 0 94.7903
1942 0 94.78271
1943 0 94.775116
1944 0 94.767525
1945 0 94.75993
1946 0 94.75234
1947 0 94.74475
1948 0 94.73716
1949 0 94.72957
1950 0 94.72198
1951 0 94.714386
1952 0 94.7068
1953 0 94.69922
1954 0 94.691635
1955 0 94.68405
1956 0 94.67647
1957 0 94.668884
1958 0 94.6613
1959 0 94.65372
1960 0 94.64613
1961 0 94.63855
1962 0 94.630974
1963 0 94.6234
1964 0 94.61582
1965 0 94.608246
1966 0 94.60067
1967 0 94.593094
1968 0 94.58552
1969 0 94.57794
1970 0 94.570366
1971 0 94.56279
1972 0 94.55522
1973 0 94.54765
1974 0 94.540085
1975 0 94.53252
1976 0 94.52495
1977 0 94.51738
1978 0 94.50981
1979 0 94.50224
1980 0 94.494675
1981 0 94.48711
1982 0 94.479546
1983 0 94.471985
1984 0 94.464424
1985 0 94.45686
1986 0 94.4493
1987 0 94.44174
1988 0 94.43418
1989 0 94.42662
1990 0 94.41906
1991 0 94.4115
1992 0 94.403946
1993 0 94.39639
1994 0 94.38884
1995 0 94.38129
1996 0 94.37373
1997 0 94.36618
1998 0 94.35863
1999 0 94.351074
2000 0 94.34352
2001 0 94.33597
2002 0 94.32842
2003 0 94.32088
2004 0 94.31333
2005 0 94.305786
2006 0 94.29824
2007 0 94.290695
2008 0 94.28315
2009 0 94.275604
2010 0 94.26806
2011 0 94.26051
2012 0 94.252975
2013 0 94.24544
2014 0 94.2379
2015 0 94.23036
2016 0 94.222824
2017 0 94.21529
2018 0 94.20775
2019 0 94.20021
2020 0 94.19267
2021 0 94.185135
2022 0 94.177605
2023 0 94.170074
2024 0 94.162544
2025 0 94.155014
2026 0 94.147484
2027 0 94.13995
2028 0 94.13242
2029 0 94.12489
2030 0 94.11736
2031 0 94.10983
2032 0 94.10231
2033 0 94.09479
2034 0 94.087265
2035 0 94.07974
2036 0 94.07222
2037 0 94.0647
2038 0 94.057175
2039 0 94.04965
2040 0 94.04213
2041 0 94.03461
2042 0 94.02709
2043 0 94.01958
2044 0 94.01206
2045 0 94.00455
2046 0 93.99703
2047 0 93.98952
2048 0 93.982
2049 0 93.97449
2050 0 93.96697
2051 0 93.95946
2052 0 93.95195
2053 0 93.94444
2054 0 93.936935
2055 0 93.92943
2056 0 93.92192
2057 0 93.91441
2058 0 93.906906
2059 0 93.8994
2060 0 93.89189
2061 0 93.884384
2062 0 93.876884
2063 0 93.869385
2064 0 93.861885
2065 0 93.854385
2066 0 93.846886
2067 0 93.839386
2068 0 93.83189
2069 0 93.82439
2070 0 93.81689
2071 0 93.80939
2072 0 93.801895
2073 0 93.7944
2074 0 93.78691
2075 0 93.77942
2076 0 93.77193
2077 0 93.764435
2078 0 93.75694
2079 0 93.74945
2080 0 93.74196
2081 0 93.73447
2082 0 93.72698
2083 0 93.7195
2084 0 93.71201
2085 0 93.70453
2086 0 93.697044
2087 0 93.68956
2088 0 93.682076
2089 0 93.67459
2090 0 93.66711
2091 0 93.65962
2092 0 93.652145
2093 0 93.64467
2094 0 93.63719
2095 0 93.629715
2096 0 93.62224
2097 0 93.61476
2098 0 93.607285
2099 0 93.59981
2100 0 93.59233
2101 0 93.584854
2102 0 93.577385
2103 0 93.569916
2104 0 93.56245
2105 0 93.55498
2106 0 93.54751
2107 0 93.54004
2108 0 93.53257
2109 0 93.5251
2110 0 93.51763
2111 0 93.51016
2112 0 93.5027
2113 0 93.49524
2114 0 93.48778
2115 0 93.480316
2116 0 93.472855
2117 0 93.46539
2118 0 93.45793
2119 0 93.45047
2120 0 93.44301
2121 0 93.43555
2122 0 93.42809
2123 0 93.42064
2124 0 93.413185
2125 0 93.40573
2126 0 93.39828
2127 0 93.39082
2128 0 93.38337
2129 0 93.375916
2130 0 93.36846
2131 0 93.36101
2132 0 93.35356
2133 0 93.346115
2134 0 93.33867
2135 0 93.33122
2136 0 93.32378
2137 0 93.31633
2138 0 93.30888
2139 0 93.30144
2140 0 93.29399
2141 0 93.286545
2142 0 93.279106
2143 0 93.27167
2144 0 93.26423
2145 0 93.25679
2146 0 93.24935
2147 0 93.24191
2148 0 93.234474
2149 0 93.227036
2150 0 93.2196
2151 0 93.21216
2152 0 93.20473
2153 0 93.197296
2154 0 93.189865
2155 0 93.182434
2156 0 93.175
2157 0 93.16757
2158 0 93.16014
2159 0 93.15271
2160 0 93.14528
2161 0 93.13785
2162 0 93.130424
2163 0 93.123
2164 0 93.11558
2165 0 93.108154
2166 0 93.10073
2167 0 93.09331
2168 0 93.085884
2169 0 93.07846
2170 0 93.07104
2171 0 93.063614
2172 0 93.05619
2173 0 93.048775
2174 0 93.04136
2175 0 93.03394
2176 0 93.02653
2177 0 93.01911
2178 0 93.011696
2179 0 93.00428
2180 0 92.996864
2181 0 92.98945
2182 0 92.98203
2183 0 92.974625
2184 0 92.96722
2185 0 92.95981
2186 0 92.9524
2187 0 92.94499
2188 0 92.937584
2189 0 92.930176
2190 0 92.92277
2191 0 92.91536
2192 0 92.90795
2193 0 92.90055
2194 0 92.89315
2195 0 92.88575
2196 0 92.87835
2197 0 92.87095
2198 0 92.86355
2199 0 92.85615
2200 0 92.84875
2201 0 92.84135
2202 0 92.83395
2203 0 92.82655
2204 0 92.81916
2205 0 92.81177
2206 0 92.804375
2207 0 92.79698
2208 0 92.78959
2209 0 92.782196
2210 0 92.7748
2211 0 92.76741
2212 0 92.76002
2213 0 92.75263
2214 0 92.74525
2215 0 92.73786
2216 0 92.73048
2217 0 92.72309
2218 0 92.715706
2219 0 92.70832
2220 0 92.700935
2221 0 92.69355
2222 0 92.686165
2223 0 92.67879
2224 0 92.67141
2225 0 92.66403
2226 0 92.656654
2227 0 92.64928
2228 0 92.6419
2229 0 92.63452
2230 0 92.627144
2231 0 92.61977
2232 0 92.61239
2233 0 92.60502
2234 0 92.59765
2235 0 92.59028
2236 0 92.58291
2237 0 92.57554
2238 0 92.56817
2239 0 92.5608
2240 0 92.55343
2241 0 92.54606
2242 0 92.53869
2243 0 92.53132
2244 0 92.52396
2245 0 92.516594
2246 0 92.50923
2247 0 92.50187
2248 0 92.49451
2249 0 92.487144
2250 0 92.47978
2251 0 92.47242
2252 0 92.46506
2253 0 92.457695
2254 0 92.45034
2255 0 92.442986
2256 0 92.43563
2257 0 92.428276
2258 0 92.42092
2259 0 92.41357
2260 0 92.40621
2261 0 92.39886
2262 0 92.3915
2263 0 92.38415
2264 0 92.3768
2265 0 92.36945
2266 0 92.36211
2267 0 92.35476
2268 0 92.34741
2269 0 92.340065
2270 0 92.33272
2271 0 92.32537
2272 0 92.31802
2273 0 92.31068
2274 0 92.30334
2275 0 92.296
2276 0 92.28866
2277 0 92.28132
2278 0 92.27398
2279 0 92.26664
2280 0 92.2593
2281 0 92.25196
2282 0 92.24462
2283 0 92.23728
2284 0 92.22994
2285 0 92.22261
2286 0 92.21528
2287 0 92.20795
2288 0 92.200615
2289 0 92.19328
2290 0 92.18595
2291 0 92.17862
2292 0 92.17129
2293 0 92.163956
2294 0 92.156624
2295 0 92.1493
2296 0 92.141975
2297 0 92.13465
2298 0 92.12733
2299 0 92.12
2300 0 92.11268
2301 0 92.105354
2302 0 92.09803
2303 0 92.090706
2304 0 92.08338
2305 0 92.076065
2306 0 92.06875
2307 0 92.06143
2308 0 92.054115
2309 0 92.0468
2310 0 92.03948
2311 0 92.032166
2312 0 92.02485
2313 0 92.01753
2314 0 92.010216
2315 0 92.00291
2316 0 91.9956
2317 0 91.98829
2318 0 91.98098
2319 0 91.97367
2320 0 91.96636
2321 0 91.95905
2322 0 91.951744
2323 0 91.944435
2324 0 91.937126
2325 0 91.92982
2326 0 91.922516
2327 0 91.915215
2328 0 91.90791
2329 0 91.90061
2330 0 91.89331
2331 0 91.88601
2332 0 91.87871
2333 0 91.87141
2334 0 91.864105
2335 0 91.856804
2336 0 91.84951
2337 0 91.84222
2338 0 91.83492
2339 0 91.82763
2340 0 91.820335
2341 0 91.81304
2342 0 91.80575
2343 0 91.798454
2344 0 91.79116
2345 0 91.78387
2346 0 91.77658
2347 0 91.769295
2348 0 91.76201
2349 0 91.75472
2350 0 91.74744
2351 0 91.74015
2352 0 91.732864
2353 0 91.72558
2354 0 91.71829
2355 0 91.711006
2356 0 91.70373
2357 0 91.69645
2358 0 91.68917
2359 0 91.68189
2360 0 91.674614
2361 0 91.667336
2362 0 91.66006
2363 0 91.65278
2364 0 91.6455
2365 0 91.63822
2366 0 91.63094
2367 0 91.62367
2368 0 91.6164
2369 0 91.60913
2370 0 91.60186
2371 0 91.59459
2372 0 91.58732
2373 0 91.58005
2374 0 91.57278
2375 0 91.565506
2376 0 91.558235
2377 0 91.55097
2378 0 91.54371
2379 0 91.536446
2380 0 91.52918
2381 0 91.52192
2382 0 91.514656
2383 0 91.50739
2384 0 91.50013
2385 0 91.49287
2386 0 91.4856
2387 0 91.47835
2388 0 91.47109
2389 0 91.46384
2390 0 91.45658
2391 0 91.449326
2392 0 91.44207
2393 0 91.434814
2394 0 91.42756
2395 0 91.4203
2396 0 91.41305
2397 0 91.40579
2398 0 91.398544
2399 0 91.3913
2400 0 91.38405
2401 0 91.3768
2402 0 91.36955
2403 0 91.362305
2404 0 91.35506
2405 0 91.34781
2406 0 91.34056
2407 0 91.33331
2408 0 91.32607
2409 0 91.31883
2410 0 91.31159
2411 0 91.30435
2412 0 91.29711
2413 0 91.28987
2414 0 91.28263
2415 0 91.27539
2416 0 91.26815
2417 0 91.26091
2418 0 91.25367
2419 0 91.24644
2420 0 91.239204
2421 0 91.23197
2422 0 91.22474
2423 0 91.21751
2424 0 91.21027
2425 0 91.20304
2426 0 91.19581
2427 0 91.188576
2428 0 91.18134
2429 0 91.17412
2430 0 91.16689
2431 0 91.15967
2432 0 91.15244
2433 0 91.14522
2434 0 91.13799
2435 0 91.13077
2436 0 91.12354
2437 0 91.11632
2438 0 91.10909
2439 0 91.101875
2440 0 91.09466
2441 0 91.08744
2442 0 91.08022
2443 0 91.073006
2444 0 91.06579
2445 0 91.05857
2446 0 91.05135
2447 0 91.044136
2448 0 91.03692
2449 0 91.0297
2450 0 91.02249
2451 0 91.01528
2452 0 91.00807
2453 0 91.00086
2454 0 90.99365
2455 0 90.98644
2456 0 90.97923
2457 0 90.97202
2458 0 90.96481
2459 0 90.9576
2460 0 90.9504
2461 0 90.9432
2462 0 90.936
2463 0 90.928795
2464 0 90.92159
2465 0 90.91439
2466 0 90.90719
2467 0 90.89999
2468 0 90.892784
2469 0 90.88558
2470 0 90.87838
2471 0 90.871185
2472 0 90.86399
2473 0 90.8568
2474 0 90.8496
2475 0 90.84241
2476 0 90.83521
2477 0 90.82802
2478 0 90.82082
2479 0 90.81363
2480 0 90.806435
2481 0 90.79925
2482 0 90.79206
2483 0 90.784874
2484 0 90.77769
2485 0 90.7705
2486 0 90.76331
2487 0 90.75613
2488 0 90.74894
2489 0 90.74175
2490 0 90.734566
2491 0 90.72738
2492 0 90.7202
2493 0 90.71302
2494 0 90.70584
2495 0 90.69866
2496 0 90.69148
2497 0 90.6843
2498 0 90.677124
2499 0 90.669945
2500 0 90.662766
2501 0 90.65559
2502 0 90.648415
2503 0 90.64124
2504 0 90.63407
2505 0 90.6269
2506 0 90.61973
2507 0 90.61256
2508 0 90.605385
2509 0 90.59821
2510 0 90.59104
2511 0 90.58387
2512 0 90.576706
2513 0 90.56954
2514 0 90.56238
2515 0 90.555214
2516 0 90.54805
2517 0 90.540886
2518 0 90.53372
2519 0 90.52656
2520 0 90.519394
2521 0 90.51223
2522 0 90.505066
2523 0 90.49791
2524 0 90.49075
2525 0 90.4836
2526 0 90.47644
2527 0 90.469284
2528 0 90.46213
2529 0 90.45497
2530 0 90.447815
2531 0 90.44066
2532 0 90.4335
2533 0 90.42635
2534 0 90.419205
2535 0 90.412056
2536 0 90.40491
2537 0 90.39776
2538 0 90.39061
2539 0 90.38346
2540 0 90.37631
2541 0 90.36916
2542 0 90.362015
2543 0 90.354866
2544 0 90.347725
2545 0 90.34058
2546 0 90.33344
2547 0 90.3263
2548 0 90.31916
2549 0 90.31202
2550 0 90.30488
2551 0 90.29774
2552 0 90.290596
2553 0 90.283455
2554 0 90.27632
2555 0 90.26919
2556 0 90.262054
2557 0 90.25492
2558 0 90.24779
2559 0 90.240654
2560 0 90.23352
2561 0 90.22639
2562 0 90.21925
2563 0 90.21212
2564 0 90.20499
2565 0 90.19786
2566 0 90.190735
2567 0 90.18361
2568 0 90.17648
2569 0 90.16936
2570 0 90.16223
2571 0 90.155106
2572 0 90.14798
2573 0 90.140854
2574 0 90.13373
2575 0 90.1266
2576 0 90.119484
2577 0 90.112366
2578 0 90.10525
2579 0 90.09813
2580 0 90.09101
2581 0 90.08389
2582 0 90.076775
2583 0 90.06966
2584 0 90.06254
2585 0 90.05542
2586 0 90.04831
2587 0 90.0412
2588 0 90.03409
2589 0 90.02698
2590 0 90.01987
2591 0 90.01276
2592 0 90.005646
2593 0 89.998535
2594 0 89.991425
2595 0 89.984314
2596 0 89.9772
2597 0 89.9701
2598 0 89.963
2599 0 89.955894
2600 0 89.94879
2601 0 89.94169
2602 0 89.934586
2603 0 89.92748
2604 0 89.92038
2605 0 89.91328
2606 0 89.90617
2607 0 89.89908
2608 0 89.89198
2609 0 89.88489
2610 0 89.87779
2611 0 89.8707
2612 0 89.8636
2613 0 89.85651
2614 0 89.84941
2615 0 89.842316
2616 0 89.83522
2617 0 89.828125
2618 0 89.82104
2619 0 89.81395
2620 0 89.80686
2621 0 89.799774
2622 0 89.79269
2623 0 89.7856
2624 0 89.77851
2625 0 89.77142
2626 0 89.764336
2627 0 89.75725
2628 0 89.75017
2629 0 89.74309
2630 0 89.73601
2631 0 89.72893
2632 0 89.72185
2633 0 89.71477
2634 0 89.70769
2635 0 89.70061
2636 0 89.69353
2637 0 89.68645
2638 0 89.67937
2639 0 89.672295
2640 0 89.66522
2641 0 89.65815
2642 0 89.65108
2643 0 89.644005
2644 0 89.63693
2645 0 89.62986
2646 0 89.62279
2647 0 89.615715
2648 0 89.60864
2649 0 89.60157
2650 0 89.594505
2651 0 89.58744
2652 0 89.580376
2653 0 89.57331
2654 0 89.566246
2655 0 89.55918
2656 0 89.55212
2657 0 89.54505
2658 0 89.53799
2659 0 89.53092
2660 0 89.523865
2661 0 89.51681
2662 0 89.50975
2663 0 89.50269
2664 0 89.495636
2665 0 89.48858
2666 0 89.48152
2667 0 89.474464
2668 0 89.46741
2669 0 89.46035
2670 0 89.45329
2671 0 89.44624
2672 0 89.43919
2673 0 89.432144
2674 0 89.425095
2675 0 89.418045
2676 0 89.410995
2677 0 89.403946
2678 0 89.3969
2679 0 89.38985
2680 0 89.3828
2681 0 89.37575
2682 0 89.368706
2683 0 89.361664
2684 0 89.35462
2685 0 89.34758
2686 0 89.34054
2687 0 89.333496
2688 0 89.326454
2689 0 89.31941
2690 0 89.31237
2691 0 89.30533
2692 0 89.298294
2693 0 89.29126
2694 0 89.284225
2695 0 89.27719
2696 0 89.27016
2697 0 89.26312
2698 0 89.25609
2699 0 89.249054
2700 0 89.24202
2701 0 89.234985
2702 0 89.22795
2703 0 89.220924
2704 0 89.2139
2705 0 89.20687
2706 0 89.199844
2707 0 89.19282
2708 0 89.18579
2709 0 89.178764
2710 0 89.17174
2711 0 89.16471
2712 0 89.157684
2713 0 89.15066
2714 0 89.14364
2715 0 89.13662
2716 0 89.1296
2717 0 89.12258
2718 0 89.11556
2719 0 89.10854
2720 0 89.101524
2721 0 89.094505
2722 0 89.08749
2723 0 89.08047
2724 0 89.073456
2725 0 89.066444
2726 0 89.05943
2727 0 89.05242
2728 0 89.04541
2729 0 89.0384
2730 0 89.03139
2731 0 89.024376
2732 0 89.017365
2733 0 89.01035
2734 0 89.00334
2735 0 88.99634
2736 0 88.989334
2737 0 88.98233
2738 0 88.97533
2739 0 88.96832
2740 0 88.96132
2741 0 88.954315
2742 0 88.94731
2743 0 88.94031
2744 0 88.933304
2745 0 88.9263
2746 0 88.919304
2747 0 88.91231
2748 0 88.90531
2749 0 88.898315
2750 0 88.89132
2751 0 88.88432
2752 0 88.87733
2753 0 88.87033
2754 0 88.863335
2755 0 88.85634
2756 0 88.84934
2757 0 88.842354
2758 0 88.835365
2759 0 88.82838
2760 0 88.82139
2761 0 88.8144
2762 0 88.80741
2763 0 88.80042
2764 0 88.793434
2765 0 88.786446
2766 0 88.77946
2767 0 88.77248
2768 0 88.765495
2769 0 88.758514
2770 0 88.75153
2771 0 88.74455
2772 0 88.73757
2773 0 88.73059
2774 0 88.72361
2775 0 88.71663
2776 0 88.70965
2777 0 88.70267
2778 0 88.695694
2779 0 88.68872
2780 0 88.68175
2781 0 88.674774
2782 0 88.6678
2783 0 88.66083
2784 0 88.653854
2785 0 88.64688
2786 0 88.63991
2787 0 88.632935
2788 0 88.62596
2789 0 88.618996
2790 0 88.61203
2791 0 88.605064
2792 0 88.5981
2793 0 88.59113
2794 0 88.58417
2795 0 88.5772
2796 0 88.57024
2797 0 88.56327
2798 0 88.556305
2799 0 88.54934
2800 0 88.54238
2801 0 88.53542
2802 0 88.528465
2803 0 88.52151
2804 0 88.51455
2805 0 88.50759
2806 0 88.50063
2807 0 88.493675
2808 0 88.48672
2809 0 88.47976
2810 0 88.47281
2811 0 88.46586
2812 0 88.45891
2813 0 88.45196
2814 0 88.44501
2815 0 88.43806
2816 0 88.43111
2817 0 88.42416
2818 0 88.417206
2819 0 88.410255
2820 0 88.403305
2821 0 88.39636
2822 0 88.38942
2823 0 88.38248
2824 0 88.375534
2825 0 88.36859
2826 0 88.36165
2827 0 88.354706
2828 0 88.34776
2829 0 88.34082
2830 0 88.33388
2831 0 88.326935
2832 0 88.32
2833 0 88.313065
2834 0 88.30613
2835 0 88.299194
2836 0 88.29226
2837 0 88.285324
2838 0 88.27839
2839 0 88.271454
2840 0 88.26452
2841 0 88.25758
2842 0 88.25065
2843 0 88.24372
2844 0 88.23679
2845 0 88.229866
2846 0 88.22294
2847 0 88.21601
2848 0 88.20908
2849 0 88.202156
2850 0 88.19523
2851 0 88.1883
2852 0 88.18137
2853 0 88.174446
2854 0 88.16753
2855 0 88.16061
2856 0 88.15369
2857 0 88.14677
2858 0 88.13985
2859 0 88.13293
2860 0 88.12601
2861 0 88.11909
2862 0 88.11217
2863 0 88.10525
2864 0 88.09833
2865 0 88.091415
2866 0 88.0845
2867 0 88.07759
2868 0 88.07068
2869 0 88.06377
2870 0 88.056854
2871 0 88.04994
2872 0 88.04303
2873 0 88.03612
2874 0 88.029205
2875 0 88.0223
2876 0 88.015396
2877 0 88.00849
2878 0 88.00159
2879 0 87.99468
2880 0 87.98778
2881 0 87.98087
2882 0 87.97397
2883 0 87.967064
2884 0 87.96016
2885 0 87.953255
2886 0 87.94636
2887 0 87.93946
2888 0 87.93256
2889 0 87.92567
2890 0 87.91877
2891 0 87.91187
2892 0 87.904976
2893 0 87.89808
2894 0 87.89118
2895 0 87.884285
2896 0 87.87739
2897 0 87.8705
2898 0 87.86361
2899 0 87.85672
2900 0 87.84983
2901 0 87.84294
2902 0 87.83605
2903 0 87.82916
2904 0 87.82227
2905 0 87.815384
2906 0 87.808495
2907 0 87.801605
2908 0 87.79472
2909 0 87.78784
2910 0 87.78096
2911 0 87.77408
2912 0 87.7672
2913 0 87.760315
2914 0 87.75343
2915 0 87.74655
2916 0 87.73967
2917 0 87.73279
2918 0 87.72591
2919 0 87.71903
2920 0 87.71216
2921 0 87.705284
2922 0 87.69841
2923 0 87.691536
2924 0 87.68466
2925 0 87.67779
2926 0 87.67091
2927 0 87.66404
2928 0 87.657166
2929 0 87.65029
2930 0 87.643425
2931 0 87.63656
2932 0 87.62969
2933 0 87.622826
2934 0 87.61596
2935 0 87.60909
2936 0 87.60223
2937 0 87.59536
2938 0 87.58849
2939 0 87.58163
2940 0 87.57476
2941 0 87.5679
2942 0 87.56104
2943 0 87.554184
2944 0 87.547325
2945 0 87.54047
2946 0 87.53361
2947 0 87.52675
2948 0 87.51989
2949 0 87.51303
2950 0 87.50617
2951 0 87.49931
2952 0 87.49246
2953 0 87.48561
2954 0 87.47876
2955 0 87.47191
2956 0 87.46506
2957 0 87.458206
2958 0 87.451355
2959 0 87.4445
2960 0 87.43765
2961 0 87.4308
2962 0 87.42395
2963 0 87.41711
2964 0 87.41026
2965 0 87.40342
2966 0 87.396576
2967 0 87.38973
2968 0 87.38289
2969 0 87.376045
2970 0 87.3692
2971 0 87.36236
2972 0 87.355515
2973 0 87.34867
2974 0 87.341835
2975 0 87.335
2976 0 87.32816
2977 0 87.32133
2978 0 87.31449
2979 0 87.307655
2980 0 87.30082
2981 0 87.29398
2982 0 87.28715
2983 0 87.28031
2984 0 87.273476
2985 0 87.26665
2986 0 87.25982
2987 0 87.25299
2988 0 87.24616
2989 0 87.239334
2990 0 87.232506
2991 0 87.22568
2992 0 87.21885
2993 0 87.21202
2994 0 87.20519
2995 0 87.198364
2996 0 87.19154
2997 0 87.18472
2998 0 87.1779
2999 0 87.17108
3000 0 87.16426
3001 0 87.15744
3002 0 87.15062
3003 0 87.1438
3004 0 87.13698
3005 0 87.13016
3006 0 87.12334
3007 0 87.11652
3008 0 87.10971
3009 0 87.1029
3010 0 87.096085
3011 0 87.08927
3012 0 87.08246
3013 0 87.075645
3014 0 87.06883
3015 0 87.06202
3016 0 87.05521
3017 0 87.04839
3018 0 87.04159
3019 0 87.03478
3020 0 87.02798
3021 0 87.02117
3022 0 87.014366
3023 0 87.00756
3024 0 87.000755
3025 0 86.99395
3026 0 86.987144
3027 0 86.98034
3028 0 86.97353
3029 0 86.966736
3030 0 86.95994
3031 0 86.95314
3032 0 86.94634
3033 0 86.939545
3034 0 86.93275
3035 0 86.92595
3036 0 86.91915
3037 0 86.91235
3038 0 86.905556
3039 0 86.89876
3040 0 86.89197
3041 0 86.88518
3042 0 86.87839
3043 0 86.8716
3044 0 86.86481
3045 0 86.85802
3046 0 86.85123
3047 0 86.84444
3048 0 86.83765
3049 0 86.83086
3050 0 86.824066
3051 0 86.81728
3052 0 86.8105
3053 0 86.80372
3054 0 86.796936
3055 0 86.79015
3056 0 86.78337
3057 0 86.77659
3058 0 86.769806
3059 0 86.76302
3060 0 86.75624
3061 0 86.74946
3062 0 86.74268
3063 0 86.73591
3064 0 86.72913
3065 0 86.72236
3066 0 86.71558
3067 0 86.70881
3068 0 86.702034
3069 0 86.69526
3070 0 86.688484
3071 0 86.68171
3072 0 86.674934
3073 0 86.66817
3074 0 86.6614
3075 0 86.65463
3076 0 86.647865
3077 0 86.6411
3078 0 86.63433
3079 0 86.62756
3080 0 86.6208
3081 0 86.61403
3082 0 86.60726
3083 0 86.600494
3084 0 86.593735
3085 0 86.586975
3086 0 86.580215
3087 0 86.573456
3088 0 86.566696
3089 0 86.55994
3090 0 86.55318
3091 0 86.54642
3092 0 86.53966
3093 0 86.5329
3094 0 86.52614
3095 0 86.51939
3096 0 86.512634
3097 0 86.50588
3098 0 86.49913
3099 0 86.49238
3100 0 86.48563
3101 0 86.478874
3102 0 86.47212
3103 0 86.46537
3104 0 86.45862
3105 0 86.451866
3106 0 86.44512
3107 0 86.43838
3108 0 86.43163
3109 0 86.42489
3110 0 86.418144
3111 0 86.4114
3112 0 86.404655
3113 0 86.39791
3114 0 86.39117
3115 0 86.38442
3116 0 86.37768
3117 0 86.37093
3118 0 86.3642
3119 0 86.35746
3120 0 86.35072
3121 0 86.34399
